[2012-02-24 11:57:29] request.ERROR: Symfony\Component\HttpKernel\Exception\NotFoundHttpException: No route found for "GET /" (uncaught exception) at /home/aula1-15/www/dominio.com/vendor/symfony/src/Symfony/Bundle/FrameworkBundle/EventListener/RouterListener.php line 83 [] []
[2012-02-24 11:57:31] request.ERROR: Symfony\Component\HttpKernel\Exception\NotFoundHttpException: No route found for "GET /" (uncaught exception) at /home/aula1-15/www/dominio.com/app/cache/prod/classes.php line 4564 [] []
[2012-02-24 11:57:33] request.ERROR: Symfony\Component\HttpKernel\Exception\NotFoundHttpException: No route found for "GET /" (uncaught exception) at /home/aula1-15/www/dominio.com/app/cache/prod/classes.php line 4564 [] []
[2012-02-24 11:57:34] request.ERROR: Symfony\Component\HttpKernel\Exception\NotFoundHttpException: No route found for "GET /" (uncaught exception) at /home/aula1-15/www/dominio.com/app/cache/prod/classes.php line 4564 [] []
[2012-02-24 11:57:34] request.ERROR: Symfony\Component\HttpKernel\Exception\NotFoundHttpException: No route found for "GET /" (uncaught exception) at /home/aula1-15/www/dominio.com/app/cache/prod/classes.php line 4564 [] []
[2012-02-24 11:57:35] request.ERROR: Symfony\Component\HttpKernel\Exception\NotFoundHttpException: No route found for "GET /" (uncaught exception) at /home/aula1-15/www/dominio.com/app/cache/prod/classes.php line 4564 [] []
[2012-02-24 11:57:35] request.ERROR: Symfony\Component\HttpKernel\Exception\NotFoundHttpException: No route found for "GET /" (uncaught exception) at /home/aula1-15/www/dominio.com/app/cache/prod/classes.php line 4564 [] []
[2012-02-24 11:57:36] request.ERROR: Symfony\Component\HttpKernel\Exception\NotFoundHttpException: No route found for "GET /" (uncaught exception) at /home/aula1-15/www/dominio.com/app/cache/prod/classes.php line 4564 [] []
[2012-02-24 11:58:00] request.ERROR: Symfony\Component\HttpKernel\Exception\NotFoundHttpException: No route found for "GET /" (uncaught exception) at /home/aula1-15/www/dominio.com/app/cache/prod/classes.php line 4564 [] []
[2012-02-24 11:58:01] request.ERROR: Symfony\Component\HttpKernel\Exception\NotFoundHttpException: No route found for "GET /" (uncaught exception) at /home/aula1-15/www/dominio.com/app/cache/prod/classes.php line 4564 [] []
[2012-02-24 11:58:01] request.ERROR: Symfony\Component\HttpKernel\Exception\NotFoundHttpException: No route found for "GET /" (uncaught exception) at /home/aula1-15/www/dominio.com/app/cache/prod/classes.php line 4564 [] []
[2012-02-24 11:58:01] request.ERROR: Symfony\Component\HttpKernel\Exception\NotFoundHttpException: No route found for "GET /" (uncaught exception) at /home/aula1-15/www/dominio.com/app/cache/prod/classes.php line 4564 [] []
[2012-02-24 11:58:01] request.ERROR: Symfony\Component\HttpKernel\Exception\NotFoundHttpException: No route found for "GET /" (uncaught exception) at /home/aula1-15/www/dominio.com/app/cache/prod/classes.php line 4564 [] []
[2012-02-24 11:58:01] request.ERROR: Symfony\Component\HttpKernel\Exception\NotFoundHttpException: No route found for "GET /" (uncaught exception) at /home/aula1-15/www/dominio.com/app/cache/prod/classes.php line 4564 [] []
[2012-02-24 11:58:02] request.ERROR: Symfony\Component\HttpKernel\Exception\NotFoundHttpException: No route found for "GET /" (uncaught exception) at /home/aula1-15/www/dominio.com/app/cache/prod/classes.php line 4564 [] []
[2012-02-24 11:58:02] request.ERROR: Symfony\Component\HttpKernel\Exception\NotFoundHttpException: No route found for "GET /" (uncaught exception) at /home/aula1-15/www/dominio.com/app/cache/prod/classes.php line 4564 [] []
[2012-02-24 11:58:03] request.ERROR: Symfony\Component\HttpKernel\Exception\NotFoundHttpException: No route found for "GET /" (uncaught exception) at /home/aula1-15/www/dominio.com/app/cache/prod/classes.php line 4564 [] []
[2012-02-24 11:58:04] request.ERROR: Symfony\Component\HttpKernel\Exception\NotFoundHttpException: No route found for "GET /" (uncaught exception) at /home/aula1-15/www/dominio.com/app/cache/prod/classes.php line 4564 [] []
[2012-02-24 11:58:05] request.ERROR: Symfony\Component\HttpKernel\Exception\NotFoundHttpException: No route found for "GET /" (uncaught exception) at /home/aula1-15/www/dominio.com/app/cache/prod/classes.php line 4564 [] []
[2012-02-24 11:58:05] request.ERROR: Symfony\Component\HttpKernel\Exception\NotFoundHttpException: No route found for "GET /" (uncaught exception) at /home/aula1-15/www/dominio.com/app/cache/prod/classes.php line 4564 [] []
[2012-02-24 11:58:08] request.ERROR: Symfony\Component\HttpKernel\Exception\NotFoundHttpException: No route found for "GET /" (uncaught exception) at /home/aula1-15/www/dominio.com/app/cache/prod/classes.php line 4564 [] []
[2012-02-24 11:58:09] request.ERROR: Symfony\Component\HttpKernel\Exception\NotFoundHttpException: No route found for "GET /" (uncaught exception) at /home/aula1-15/www/dominio.com/app/cache/prod/classes.php line 4564 [] []
[2012-02-24 11:58:44] request.ERROR: Symfony\Component\HttpKernel\Exception\NotFoundHttpException: No route found for "GET /" (uncaught exception) at /home/aula1-15/www/dominio.com/app/cache/prod/classes.php line 4564 [] []
[2012-02-24 11:58:44] request.ERROR: Symfony\Component\HttpKernel\Exception\NotFoundHttpException: No route found for "GET /" (uncaught exception) at /home/aula1-15/www/dominio.com/app/cache/prod/classes.php line 4564 [] []
[2012-02-24 11:58:45] request.ERROR: Symfony\Component\HttpKernel\Exception\NotFoundHttpException: No route found for "GET /" (uncaught exception) at /home/aula1-15/www/dominio.com/app/cache/prod/classes.php line 4564 [] []
[2012-02-24 11:58:45] request.ERROR: Symfony\Component\HttpKernel\Exception\NotFoundHttpException: No route found for "GET /" (uncaught exception) at /home/aula1-15/www/dominio.com/app/cache/prod/classes.php line 4564 [] []
[2012-02-24 11:58:45] request.ERROR: Symfony\Component\HttpKernel\Exception\NotFoundHttpException: No route found for "GET /" (uncaught exception) at /home/aula1-15/www/dominio.com/app/cache/prod/classes.php line 4564 [] []
[2012-02-24 11:58:45] request.ERROR: Symfony\Component\HttpKernel\Exception\NotFoundHttpException: No route found for "GET /" (uncaught exception) at /home/aula1-15/www/dominio.com/app/cache/prod/classes.php line 4564 [] []
[2012-02-24 11:58:45] request.ERROR: Symfony\Component\HttpKernel\Exception\NotFoundHttpException: No route found for "GET /" (uncaught exception) at /home/aula1-15/www/dominio.com/app/cache/prod/classes.php line 4564 [] []
[2012-02-24 11:58:45] request.ERROR: Symfony\Component\HttpKernel\Exception\NotFoundHttpException: No route found for "GET /" (uncaught exception) at /home/aula1-15/www/dominio.com/app/cache/prod/classes.php line 4564 [] []
[2012-02-24 11:58:46] request.ERROR: Symfony\Component\HttpKernel\Exception\NotFoundHttpException: No route found for "GET /" (uncaught exception) at /home/aula1-15/www/dominio.com/app/cache/prod/classes.php line 4564 [] []
[2012-02-24 11:58:46] request.ERROR: Symfony\Component\HttpKernel\Exception\NotFoundHttpException: No route found for "GET /" (uncaught exception) at /home/aula1-15/www/dominio.com/app/cache/prod/classes.php line 4564 [] []
[2012-02-24 11:58:46] request.ERROR: Symfony\Component\HttpKernel\Exception\NotFoundHttpException: No route found for "GET /" (uncaught exception) at /home/aula1-15/www/dominio.com/app/cache/prod/classes.php line 4564 [] []
[2012-02-24 11:59:18] request.ERROR: Symfony\Component\HttpKernel\Exception\NotFoundHttpException: No route found for "GET /" (uncaught exception) at /home/aula1-15/www/dominio.com/app/cache/prod/classes.php line 4564 [] []
[2012-02-24 11:59:18] request.ERROR: Symfony\Component\HttpKernel\Exception\NotFoundHttpException: No route found for "GET /" (uncaught exception) at /home/aula1-15/www/dominio.com/app/cache/prod/classes.php line 4564 [] []
[2012-02-24 11:59:25] request.ERROR: Symfony\Component\HttpKernel\Exception\NotFoundHttpException: No route found for "GET /" (uncaught exception) at /home/aula1-15/www/dominio.com/app/cache/prod/classes.php line 4564 [] []
[2012-02-24 11:59:25] request.ERROR: Symfony\Component\HttpKernel\Exception\NotFoundHttpException: No route found for "GET /" (uncaught exception) at /home/aula1-15/www/dominio.com/app/cache/prod/classes.php line 4564 [] []
[2012-02-24 11:59:26] request.ERROR: Symfony\Component\HttpKernel\Exception\NotFoundHttpException: No route found for "GET /" (uncaught exception) at /home/aula1-15/www/dominio.com/app/cache/prod/classes.php line 4564 [] []
[2012-02-24 11:59:26] request.ERROR: Symfony\Component\HttpKernel\Exception\NotFoundHttpException: No route found for "GET /" (uncaught exception) at /home/aula1-15/www/dominio.com/app/cache/prod/classes.php line 4564 [] []
[2012-02-27 08:40:21] request.ERROR: Symfony\Component\HttpKernel\Exception\NotFoundHttpException: No route found for "GET /" (uncaught exception) at /home/aula1-15/www/dominio.com/app/cache/prod/classes.php line 4564 [] []
[2012-02-27 08:40:36] request.ERROR: Symfony\Component\HttpKernel\Exception\NotFoundHttpException: No route found for "GET /plantilla" (uncaught exception) at /home/aula1-15/www/dominio.com/app/cache/prod/classes.php line 4564 [] []
[2012-02-27 08:42:59] request.ERROR: Symfony\Component\HttpKernel\Exception\NotFoundHttpException: No route found for "GET /plantilla" (uncaught exception) at /home/aula1-15/www/dominio.com/app/cache/prod/classes.php line 4564 [] []
[2012-02-27 08:43:29] request.ERROR: Symfony\Component\HttpKernel\Exception\NotFoundHttpException: No route found for "GET /" (uncaught exception) at /home/aula1-15/www/dominio.com/app/cache/prod/classes.php line 4564 [] []
[2012-02-27 08:43:33] request.ERROR: Symfony\Component\HttpKernel\Exception\NotFoundHttpException: No route found for "GET /" (uncaught exception) at /home/aula1-15/www/dominio.com/app/cache/prod/classes.php line 4564 [] []
[2012-02-27 08:53:25] request.ERROR: Symfony\Component\HttpKernel\Exception\NotFoundHttpException: No route found for "GET //static" (uncaught exception) at /home/aula1-15/www/dominio.com/app/cache/prod/classes.php line 4564 [] []
[2012-02-27 08:53:27] request.ERROR: Symfony\Component\HttpKernel\Exception\NotFoundHttpException: No route found for "GET /static" (uncaught exception) at /home/aula1-15/www/dominio.com/app/cache/prod/classes.php line 4564 [] []
[2012-02-27 08:53:45] request.INFO: Matched route "Practica1Bundle_homepage" (parameters: "_controller": "Practicas\Bundle\Practica1Bundle\Controller\DefaultController::indexAction", "name": "pepe", "_route": "Practica1Bundle_homepage") [] []
[2012-02-27 08:53:45] request.CRITICAL: InvalidArgumentException: Unable to find template "Practica1Bundle:Default:pepe.html.twig". (uncaught exception) at /home/aula1-15/www/dominio.com/vendor/symfony/src/Symfony/Bundle/TwigBundle/TwigEngine.php line 136 [] []
[2012-02-27 08:54:10] request.INFO: Matched route "Practica1Bundle_homepage" (parameters: "_controller": "Practicas\Bundle\Practica1Bundle\Controller\DefaultController::indexAction", "name": "plantilla", "_route": "Practica1Bundle_homepage") [] []
[2012-02-27 08:54:10] request.CRITICAL: Twig_Error_Syntax: The function "code" does not exist in "Practica1Bundle:Default:plantilla.html.twig" at line 31 (uncaught exception) at /home/aula1-15/www/dominio.com/vendor/twig/lib/Twig/Node/Expression/Function.php line 28 [] []
[2012-02-27 08:54:13] request.ERROR: Symfony\Component\HttpKernel\Exception\NotFoundHttpException: No route found for "GET /" (uncaught exception) at /home/aula1-15/www/dominio.com/app/cache/prod/classes.php line 4564 [] []
[2012-02-27 08:56:28] request.ERROR: Symfony\Component\HttpKernel\Exception\NotFoundHttpException: No route found for "GET /" (uncaught exception) at /home/aula1-15/www/dominio.com/app/cache/prod/classes.php line 4564 [] []
[2012-02-27 09:02:00] request.ERROR: Symfony\Component\HttpKernel\Exception\NotFoundHttpException: No route found for "GET /" (uncaught exception) at /home/aula1-15/www/dominio.com/app/cache/prod/classes.php line 4564 [] []
[2012-02-27 09:03:43] request.ERROR: Symfony\Component\HttpKernel\Exception\NotFoundHttpException: No route found for "GET /" (uncaught exception) at /home/aula1-15/www/dominio.com/app/cache/prod/classes.php line 4564 [] []
[2012-02-27 09:03:57] request.ERROR: Symfony\Component\HttpKernel\Exception\NotFoundHttpException: No route found for "GET /" (uncaught exception) at /home/aula1-15/www/dominio.com/app/cache/prod/classes.php line 4564 [] []
